<?xml version="1.0" encoding="UTF-8"?>
<!-- Generated by org.testng.reporters.JUnitReportReporter -->
<testsuite hostname="Della-PC" name="com.practice.della.Test" tests="2" failures="0" timestamp="24 Nov 2015 00:14:21 GMT" time="22.305" errors="0">
  <testcase name="test2" time="8.295" classname="com.practice.della.Test"/>
  <testcase name="test1" time="14.010" classname="com.practice.della.Test"/>
</testsuite> <!-- com.practice.della.Test -->
